<?xml version="1.0" encoding="UTF-8"?>
<testng-results ignored="0" total="1" passed="1" failed="0" skipped="0">
  <reporter-output>
  </reporter-output>
  <suite started-at="2019-12-25T12:54:56 IST" name="Default suite" finished-at="2019-12-25T12:55:09 IST" duration-ms="13003">
    <groups>
    </groups>
    <test started-at="2019-12-25T12:54:56 IST" name="Default test" finished-at="2019-12-25T12:55:09 IST" duration-ms="13003">
      <class name="com.amazon.testcases.AmazonHomePageTest">
        <test-method signature="searchIphone()[pri:0, instance:com.amazon.testcases.AmazonHomePageTest@2a32de6c]" started-at="2019-12-25T12:54:56 IST" name="searchIphone" finished-at="2019-12-25T12:55:09 IST" duration-ms="12927" status="PASS">
          <reporter-output>
          </reporter-output>
        </test-method> <!-- searchIphone -->
      </class> <!-- com.amazon.testcases.AmazonHomePageTest -->
    </test> <!-- Default test -->
  </suite> <!-- Default suite -->
</testng-results>
