<?xml version="1.0" encoding="UTF-8"?>
<!-- Generated by org.testng.reporters.JUnitXMLReporter -->
<testsuite ignored="1" hostname="uday-PC" failures="0" tests="1" name="Test" time="0.077" errors="0" timestamp="2019-11-29T20:46:26 IST">
  <testcase classname="Com.Pages.BaseClass" name="@BeforeClass setup" time="0.001">
    <failure type="java.lang.NullPointerException">
      <![CDATA[java.lang.NullPointerException
at Com.Pages.BaseClass.setup(BaseClass.java:41)
at java.base/java.util.ArrayList.forEach(ArrayList.java:1507)
... Removed 25 stack frames]]>
    </failure>
  </testcase> <!-- @BeforeClass setup -->
  <testcase classname="Com.Pages.BaseClass" name="@AfterMethod tearDown" time="-1.575040586439E9">
    <skipped/>
  </testcase> <!-- @AfterMethod tearDown -->
  <testcase classname="Com.Pages.BaseClass" name="@AfterMethod tearDownMethod" time="-1.575040586441E9">
    <skipped/>
  </testcase> <!-- @AfterMethod tearDownMethod -->
  <testcase classname="Com.Pages.BaseClass" name="@AfterClass tearDown" time="-1.575040586444E9">
    <skipped/>
  </testcase> <!-- @AfterClass tearDown -->
  <testcase classname="Com.TestCases.LoginTestCRM" name="loginApp" time="0.0">
    <skipped/>
  </testcase> <!-- loginApp -->
  <testcase classname="Com.Pages.BaseClass" name="@BeforeSuite setupsuite" time="0.0">
    <ignored/>
  </testcase> <!-- @BeforeSuite setupsuite -->
</testsuite> <!-- Test -->
