<?xml version="1.0" encoding="UTF-8"?>
<testng-results ignored="0" total="1" passed="1" failed="0" skipped="0">
  <reporter-output>
    <line>
      <![CDATA[Setting up reports and Test is getting ready]]>
    </line>
    <line>
      <![CDATA[Setting Don - Test can be Started]]>
    </line>
    <line>
      <![CDATA[Trying to start Browser and Getting Application ready]]>
    </line>
    <line>
      <![CDATA[Browser and Application is up and running]]>
    </line>
    <line>
      <![CDATA[Test is about to end]]>
    </line>
    <line>
      <![CDATA[Test completed >>>Reports Generated]]>
    </line>
  </reporter-output>
  <suite started-at="2019-11-30T12:29:09 IST" name="Default suite" finished-at="2019-11-30T12:29:28 IST" duration-ms="18918">
    <groups>
    </groups>
    <test started-at="2019-11-30T12:29:09 IST" name="Default test" finished-at="2019-11-30T12:29:28 IST" duration-ms="18918">
      <class name="Com.TestCases.LoginTestCRM">
        <test-method is-config="true" signature="setupsuite()[pri:0, instance:Com.TestCases.LoginTestCRM@4278a03f]" started-at="2019-11-30T12:29:08 IST" name="setupsuite" finished-at="2019-11-30T12:29:09 IST" duration-ms="1353" status="PASS">
          <reporter-output>
            <line>
              <![CDATA[Setting up reports and Test is getting ready]]>
            </line>
            <line>
              <![CDATA[Setting Don - Test can be Started]]>
            </line>
          </reporter-output>
        </test-method> <!-- setupsuite -->
        <test-method is-config="true" signature="setup()[pri:0, instance:Com.TestCases.LoginTestCRM@4278a03f]" started-at="2019-11-30T12:29:09 IST" name="setup" finished-at="2019-11-30T12:29:19 IST" duration-ms="10348" status="PASS">
          <reporter-output>
            <line>
              <![CDATA[Trying to start Browser and Getting Application ready]]>
            </line>
            <line>
              <![CDATA[Browser and Application is up and running]]>
            </line>
          </reporter-output>
        </test-method> <!-- setup -->
        <test-method signature="loginApp()[pri:0, instance:Com.TestCases.LoginTestCRM@4278a03f]" started-at="2019-11-30T12:29:19 IST" name="loginApp" finished-at="2019-11-30T12:29:25 IST" duration-ms="5555" status="PASS">
          <reporter-output>
          </reporter-output>
        </test-method> <!-- loginApp -->
        <test-method is-config="true" signature="tearDownMethod(org.testng.ITestResult)[pri:0, instance:Com.TestCases.LoginTestCRM@4278a03f]" started-at="2019-11-30T12:29:25 IST" name="tearDownMethod" finished-at="2019-11-30T12:29:26 IST" duration-ms="1596" status="PASS">
          <params>
            <param index="0">
              <value>
                <![CDATA[[TestResult name=loginApp status=SUCCESS method=LoginTestCRM.loginApp()[pri:0, instance:Com.TestCases.LoginTestCRM@4278a03f] output={null}]]]>
              </value>
            </param>
          </params>
          <reporter-output>
            <line>
              <![CDATA[Test is about to end]]>
            </line>
            <line>
              <![CDATA[Test completed >>>Reports Generated]]>
            </line>
          </reporter-output>
        </test-method> <!-- tearDownMethod -->
        <test-method is-config="true" signature="tearDown()[pri:0, instance:Com.TestCases.LoginTestCRM@4278a03f]" started-at="2019-11-30T12:29:26 IST" name="tearDown" finished-at="2019-11-30T12:29:28 IST" duration-ms="1356" status="PASS">
          <reporter-output>
          </reporter-output>
        </test-method> <!-- tearDown -->
      </class> <!-- Com.TestCases.LoginTestCRM -->
    </test> <!-- Default test -->
  </suite> <!-- Default suite -->
</testng-results>
